<?xml version="1.0" encoding="UTF-8"?>
<testsuite xmlns:xsi="http://www.w3.org/2001/XMLSchema-instance" xsi:noNamespaceSchemaLocation="https://maven.apache.org/surefire/maven-surefire-plugin/xsd/surefire-test-report.xsd" name="com.gauravg.demo.RequestReplyKafkaApplicationTests" time="22.134" tests="1" errors="1" skipped="0" failures="0">
  <properties>
[...]
</properties>
  <testcase name="contextLoads" classname="com.gauravg.demo.RequestReplyKafkaApplicationTests" time="0.017">
    <error message="Failed to load ApplicationContext" type="java.lang.IllegalStateException">java.lang.IllegalStateException: Failed to load ApplicationContext
Caused by: java.lang.IllegalStateException: a KafkaTemplate is required to support replies
</error>
    <system-out><![CDATA[13:56:01.050 [main] DEBUG org.springframework.test.context.junit4.SpringJUnit4ClassRunner - SpringJUnit4ClassRunner constructor called with [class com.gauravg.demo.RequestReplyKafkaApplicationTests]
13:56:01.067 [main] DEBUG org.springframework.test.context.BootstrapUtils - Instantiating CacheAwareContextLoaderDelegate from class [org.springframework.test.context.cache.DefaultCacheAwareContextLoaderDelegate]
13:56:01.085 [main] DEBUG org.springframework.test.context.BootstrapUtils - Instantiating BootstrapContext using constructor [public org.springframework.test.context.support.DefaultBootstrapContext(java.lang.Class,org.springframework.test.context.CacheAwareContextLoaderDelegate)]
13:56:01.115 [main] DEBUG org.springframework.test.context.BootstrapUtils - Instantiating TestContextBootstrapper for test class [com.gauravg.demo.RequestReplyKafkaApplicationTests] from class [org.springframework.boot.test.context.SpringBootTestContextBootstrapper]
13:56:01.143 [main] INFO org.springframework.boot.test.context.SpringBootTestContextBootstrapper - Neither @ContextConfiguration nor @ContextHierarchy found for test class [com.gauravg.demo.RequestReplyKafkaApplicationTests], using SpringBootContextLoader
13:56:01.151 [main] DEBUG org.springframework.test.context.support.AbstractContextLoader - Did not detect default resource location for test class [com.gauravg.demo.RequestReplyKafkaApplicationTests]: class path resource [com/gauravg/demo/RequestReplyKafkaApplicationTests-context.xml] does not exist
13:56:01.153 [main] DEBUG org.springframework.test.context.support.AbstractContextLoader - Did not detect default resource location for test class [com.gauravg.demo.RequestReplyKafkaApplicationTests]: class path resource [com/gauravg/demo/RequestReplyKafkaApplicationTestsContext.groovy] does not exist
13:56:01.155 [main] INFO org.springframework.test.context.support.AbstractContextLoader - Could not detect default resource locations for test class [com.gauravg.demo.RequestReplyKafkaApplicationTests]: no resource found for suffixes {-context.xml, Context.groovy}.
13:56:01.157 [main] INFO org.springframework.test.context.support.AnnotationConfigContextLoaderUtils - Could not detect default configuration classes for test class [com.gauravg.demo.RequestReplyKafkaApplicationTests]: RequestReplyKafkaApplicationTests does not declare any static, non-private, non-final, nested classes annotated with @Configuration.
13:56:01.233 [main] DEBUG org.springframework.test.context.support.ActiveProfilesUtils - Could not find an 'annotation declaring class' for annotation type [org.springframework.test.context.ActiveProfiles] and class [com.gauravg.demo.RequestReplyKafkaApplicationTests]
13:56:01.248 [main] DEBUG org.springframework.core.env.StandardEnvironment - Adding PropertySource 'systemProperties' with lowest search precedence
13:56:01.249 [main] DEBUG org.springframework.core.env.StandardEnvironment - Adding PropertySource 'systemEnvironment' with lowest search precedence
13:56:01.251 [main] DEBUG org.springframework.core.env.StandardEnvironment - Initialized StandardEnvironment with PropertySources [MapPropertySource@1873859565 {name='systemProperties', properties={java.runtime.name=Java(TM) SE Runtime Environment, sun.boot.library.path=/Library/Java/JavaVirtualMachines/jdk1.8.0_161.jdk/Contents/Home/jre/lib, java.vm.version=25.161-b12, gopherProxySet=false, java.vm.vendor=Oracle Corporation, java.vendor.url=http://java.oracle.com/, path.separator=:, java.vm.name=Java HotSpot(TM) 64-Bit Server VM, file.encoding.pkg=sun.io, user.country=IN, sun.java.launcher=SUN_STANDARD, sun.os.patch.level=unknown, java.vm.specification.name=Java Virtual Machine Specification, user.dir=/Users/B0203873/eclipse-workspace/RequestReplyKafka, java.runtime.version=1.8.0_161-b12, basedir=/Users/B0203873/eclipse-workspace/RequestReplyKafka, java.awt.graphicsenv=sun.awt.CGraphicsEnvironment, java.endorsed.dirs=/Library/Java/JavaVirtualMachines/jdk1.8.0_161.jdk/Contents/Home/jre/lib/endorsed, os.arch=x86_64, surefire.real.class.path=/Users/B0203873/eclipse-workspace/RequestReplyKafka/target/surefire/surefirebooter8786070954619907993.jar, java.io.tmpdir=/var/folders/zx/bnc7vvq515q7cyphb39xym_h0000gp/T/, line.separator=
, java.vm.specification.vendor=Oracle Corporation, os.name=Mac OS X, sun.jnu.encoding=UTF-8, java.library.path=/Users/B0203873/Library/Java/Extensions:/Library/Java/Extensions:/Network/Library/Java/Extensions:/System/Library/Java/Extensions:/usr/lib/java:., surefire.test.class.path=/Users/B0203873/eclipse-workspace/RequestReplyKafka/target/test-classes:/Users/B0203873/eclipse-workspace/RequestReplyKafka/target/classes:/Users/B0203873/.m2/repository/org/springframework/boot/spring-boot-starter-web/2.0.1.RELEASE/spring-boot-starter-web-2.0.1.RELEASE.jar:/Users/B0203873/.m2/repository/org/springframework/boot/spring-boot-starter/2.0.1.RELEASE/spring-boot-starter-2.0.1.RELEASE.jar:/Users/B0203873/.m2/repository/org/springframework/boot/spring-boot/2.0.1.RELEASE/spring-boot-2.0.1.RELEASE.jar:/Users/B0203873/.m2/repository/org/springframework/boot/spring-boot-autoconfigure/2.0.1.RELEASE/spring-boot-autoconfigure-2.0.1.RELEASE.jar:/Users/B0203873/.m2/repository/org/springframework/boot/spring-boot-starter-logging/2.0.1.RELEASE/spring-boot-starter-logging-2.0.1.RELEASE.jar:/Users/B0203873/.m2/repository/ch/qos/logback/logback-classic/1.2.3/logback-classic-1.2.3.jar:/Users/B0203873/.m2/repository/ch/qos/logback/logback-core/1.2.3/logback-core-1.2.3.jar:/Users/B0203873/.m2/repository/org/apache/logging/log4j/log4j-to-slf4j/2.10.0/log4j-to-slf4j-2.10.0.jar:/Users/B0203873/.m2/repository/org/apache/logging/log4j/log4j-api/2.10.0/log4j-api-2.10.0.jar:/Users/B0203873/.m2/repository/org/slf4j/jul-to-slf4j/1.7.25/jul-to-slf4j-1.7.25.jar:/Users/B0203873/.m2/repository/javax/annotation/javax.annotation-api/1.3.2/javax.annotation-api-1.3.2.jar:/Users/B0203873/.m2/repository/org/yaml/snakeyaml/1.19/snakeyaml-1.19.jar:/Users/B0203873/.m2/repository/org/springframework/boot/spring-boot-starter-json/2.0.1.RELEASE/spring-boot-starter-json-2.0.1.RELEASE.jar:/Users/B0203873/.m2/repository/com/fasterxml/jackson/core/jackson-databind/2.9.5/jackson-databind-2.9.5.jar:/Users/B0203873/.m2/repository/com/fasterxml/jackson/core/jackson-annotations/2.9.0/jackson-annotations-2.9.0.jar:/Users/B0203873/.m2/repository/com/fasterxml/jackson/core/jackson-core/2.9.5/jackson-core-2.9.5.jar:/Users/B0203873/.m2/repository/com/fasterxml/jackson/datatype/jackson-datatype-jdk8/2.9.5/jackson-datatype-jdk8-2.9.5.jar:/Users/B0203873/.m2/repository/com/fasterxml/jackson/datatype/jackson-datatype-jsr310/2.9.5/jackson-datatype-jsr310-2.9.5.jar:/Users/B0203873/.m2/repository/com/fasterxml/jackson/module/jackson-module-parameter-names/2.9.5/jackson-module-parameter-names-2.9.5.jar:/Users/B0203873/.m2/repository/org/springframework/boot/spring-boot-starter-tomcat/2.0.1.RELEASE/spring-boot-starter-tomcat-2.0.1.RELEASE.jar:/Users/B0203873/.m2/repository/org/apache/tomcat/embed/tomcat-embed-core/8.5.29/tomcat-embed-core-8.5.29.jar:/Users/B0203873/.m2/repository/org/apache/tomcat/embed/tomcat-embed-el/8.5.29/tomcat-embed-el-8.5.29.jar:/Users/B0203873/.m2/repository/org/apache/tomcat/embed/tomcat-embed-websocket/8.5.29/tomcat-embed-websocket-8.5.29.jar:/Users/B0203873/.m2/repository/org/hibernate/validator/hibernate-validator/6.0.9.Final/hibernate-validator-6.0.9.Final.jar:/Users/B0203873/.m2/repository/javax/validation/validation-api/2.0.1.Final/validation-api-2.0.1.Final.jar:/Users/B0203873/.m2/repository/org/jboss/logging/jboss-logging/3.3.2.Final/jboss-logging-3.3.2.Final.jar:/Users/B0203873/.m2/repository/com/fasterxml/classmate/1.3.4/classmate-1.3.4.jar:/Users/B0203873/.m2/repository/org/springframework/spring-web/5.0.5.RELEASE/spring-web-5.0.5.RELEASE.jar:/Users/B0203873/.m2/repository/org/springframework/spring-beans/5.0.5.RELEASE/spring-beans-5.0.5.RELEASE.jar:/Users/B0203873/.m2/repository/org/springframework/spring-webmvc/5.0.5.RELEASE/spring-webmvc-5.0.5.RELEASE.jar:/Users/B0203873/.m2/repository/org/springframework/spring-aop/5.0.5.RELEASE/spring-aop-5.0.5.RELEASE.jar:/Users/B0203873/.m2/repository/org/springframework/spring-expression/5.0.5.RELEASE/spring-expression-5.0.5.RELEASE.jar:/Users/B0203873/.m2/repository/org/springframework/boot/spring-boot-starter-test/2.0.1.RELEASE/spring-boot-starter-test-2.0.1.RELEASE.jar:/Users/B0203873/.m2/repository/org/springframework/boot/spring-boot-test/2.0.1.RELEASE/spring-boot-test-2.0.1.RELEASE.jar:/Users/B0203873/.m2/repository/org/springframework/boot/spring-boot-test-autoconfigure/2.0.1.RELEASE/spring-boot-test-autoconfigure-2.0.1.RELEASE.jar:/Users/B0203873/.m2/repository/com/jayway/jsonpath/json-path/2.4.0/json-path-2.4.0.jar:/Users/B0203873/.m2/repository/net/minidev/json-smart/2.3/json-smart-2.3.jar:/Users/B0203873/.m2/repository/net/minidev/accessors-smart/1.2/accessors-smart-1.2.jar:/Users/B0203873/.m2/repository/org/ow2/asm/asm/5.0.4/asm-5.0.4.jar:/Users/B0203873/.m2/repository/org/slf4j/slf4j-api/1.7.25/slf4j-api-1.7.25.jar:/Users/B0203873/.m2/repository/junit/junit/4.12/junit-4.12.jar:/Users/B0203873/.m2/repository/org/assertj/assertj-core/3.9.1/assertj-core-3.9.1.jar:/Users/B0203873/.m2/repository/org/mockito/mockito-core/2.15.0/mockito-core-2.15.0.jar:/Users/B0203873/.m2/repository/net/bytebuddy/byte-buddy/1.7.11/byte-buddy-1.7.11.jar:/Users/B0203873/.m2/repository/net/bytebuddy/byte-buddy-agent/1.7.11/byte-buddy-agent-1.7.11.jar:/Users/B0203873/.m2/repository/org/objenesis/objenesis/2.6/objenesis-2.6.jar:/Users/B0203873/.m2/repository/org/hamcrest/hamcrest-core/1.3/hamcrest-core-1.3.jar:/Users/B0203873/.m2/repository/org/hamcrest/hamcrest-library/1.3/hamcrest-library-1.3.jar:/Users/B0203873/.m2/repository/org/skyscreamer/jsonassert/1.5.0/jsonassert-1.5.0.jar:/Users/B0203873/.m2/repository/com/vaadin/external/google/android-json/0.0.20131108.vaadin1/android-json-0.0.20131108.vaadin1.jar:/Users/B0203873/.m2/repository/org/springframework/spring-core/5.0.5.RELEASE/spring-core-5.0.5.RELEASE.jar:/Users/B0203873/.m2/repository/org/springframework/spring-jcl/5.0.5.RELEASE/spring-jcl-5.0.5.RELEASE.jar:/Users/B0203873/.m2/repository/org/springframework/spring-test/5.0.5.RELEASE/spring-test-5.0.5.RELEASE.jar:/Users/B0203873/.m2/repository/org/xmlunit/xmlunit-core/2.5.1/xmlunit-core-2.5.1.jar:/Users/B0203873/.m2/repository/org/springframework/kafka/spring-kafka/2.1.5.RELEASE/spring-kafka-2.1.5.RELEASE.jar:/Users/B0203873/.m2/repository/org/springframework/spring-context/5.0.5.RELEASE/spring-context-5.0.5.RELEASE.jar:/Users/B0203873/.m2/repository/org/springframework/spring-messaging/5.0.5.RELEASE/spring-messaging-5.0.5.RELEASE.jar:/Users/B0203873/.m2/repository/org/springframework/spring-tx/5.0.5.RELEASE/spring-tx-5.0.5.RELEASE.jar:/Users/B0203873/.m2/repository/org/springframework/retry/spring-retry/1.2.2.RELEASE/spring-retry-1.2.2.RELEASE.jar:/Users/B0203873/.m2/repository/org/apache/kafka/kafka-clients/1.0.1/kafka-clients-1.0.1.jar:/Users/B0203873/.m2/repository/org/lz4/lz4-java/1.4/lz4-java-1.4.jar:/Users/B0203873/.m2/repository/org/xerial/snappy/snappy-java/1.1.4/snappy-java-1.1.4.jar:, java.specification.name=Java Platform API Specification, java.class.version=52.0, sun.management.compiler=HotSpot 64-Bit Tiered Compilers, os.version=10.13.1, http.nonProxyHosts=airtelworld.in|*.airtelworld.in|touchtelindia.com|*.touchtelindia.com|airtelworld.in|*.airtelworld.in|10.1.9.45|mn.bharti.com|*.mn.bharti.com|goofy|*.goofy|https://sms.airtelworld.in|*.https://sms.airtelworld.in, user.home=/Users/B0203873, user.timezone=Asia/Kolkata, java.awt.printerjob=sun.lwawt.macosx.CPrinterJob, file.encoding=UTF-8, java.specification.version=1.8, java.class.path=/Users/B0203873/eclipse-workspace/RequestReplyKafka/target/test-classes:/Users/B0203873/eclipse-workspace/RequestReplyKafka/target/classes:/Users/B0203873/.m2/repository/org/springframework/boot/spring-boot-starter-web/2.0.1.RELEASE/spring-boot-starter-web-2.0.1.RELEASE.jar:/Users/B0203873/.m2/repository/org/springframework/boot/spring-boot-starter/2.0.1.RELEASE/spring-boot-starter-2.0.1.RELEASE.jar:/Users/B0203873/.m2/repository/org/springframework/boot/spring-boot/2.0.1.RELEASE/spring-boot-2.0.1.RELEASE.jar:/Users/B0203873/.m2/repository/org/springframework/boot/spring-boot-autoconfigure/2.0.1.RELEASE/spring-boot-autoconfigure-2.0.1.RELEASE.jar:/Users/B0203873/.m2/repository/org/springframework/boot/spring-boot-starter-logging/2.0.1.RELEASE/spring-boot-starter-logging-2.0.1.RELEASE.jar:/Users/B0203873/.m2/repository/ch/qos/logback/logback-classic/1.2.3/logback-classic-1.2.3.jar:/Users/B0203873/.m2/repository/ch/qos/logback/logback-core/1.2.3/logback-core-1.2.3.jar:/Users/B0203873/.m2/repository/org/apache/logging/log4j/log4j-to-slf4j/2.10.0/log4j-to-slf4j-2.10.0.jar:/Users/B0203873/.m2/repository/org/apache/logging/log4j/log4j-api/2.10.0/log4j-api-2.10.0.jar:/Users/B0203873/.m2/repository/org/slf4j/jul-to-slf4j/1.7.25/jul-to-slf4j-1.7.25.jar:/Users/B0203873/.m2/repository/javax/annotation/javax.annotation-api/1.3.2/javax.annotation-api-1.3.2.jar:/Users/B0203873/.m2/repository/org/yaml/snakeyaml/1.19/snakeyaml-1.19.jar:/Users/B0203873/.m2/repository/org/springframework/boot/spring-boot-starter-json/2.0.1.RELEASE/spring-boot-starter-json-2.0.1.RELEASE.jar:/Users/B0203873/.m2/repository/com/fasterxml/jackson/core/jackson-databind/2.9.5/jackson-databind-2.9.5.jar:/Users/B0203873/.m2/repository/com/fasterxml/jackson/core/jackson-annotations/2.9.0/jackson-annotations-2.9.0.jar:/Users/B0203873/.m2/repository/com/fasterxml/jackson/core/jackson-core/2.9.5/jackson-core-2.9.5.jar:/Users/B0203873/.m2/repository/com/fasterxml/jackson/datatype/jackson-datatype-jdk8/2.9.5/jackson-datatype-jdk8-2.9.5.jar:/Users/B0203873/.m2/repository/com/fasterxml/jackson/datatype/jackson-datatype-jsr310/2.9.5/jackson-datatype-jsr310-2.9.5.jar:/Users/B0203873/.m2/repository/com/fasterxml/jackson/module/jackson-module-parameter-names/2.9.5/jackson-module-parameter-names-2.9.5.jar:/Users/B0203873/.m2/repository/org/springframework/boot/spring-boot-starter-tomcat/2.0.1.RELEASE/spring-boot-starter-tomcat-2.0.1.RELEASE.jar:/Users/B0203873/.m2/repository/org/apache/tomcat/embed/tomcat-embed-core/8.5.29/tomcat-embed-core-8.5.29.jar:/Users/B0203873/.m2/repository/org/apache/tomcat/embed/tomcat-embed-el/8.5.29/tomcat-embed-el-8.5.29.jar:/Users/B0203873/.m2/repository/org/apache/tomcat/embed/tomcat-embed-websocket/8.5.29/tomcat-embed-websocket-8.5.29.jar:/Users/B0203873/.m2/repository/org/hibernate/validator/hibernate-validator/6.0.9.Final/hibernate-validator-6.0.9.Final.jar:/Users/B0203873/.m2/repository/javax/validation/validation-api/2.0.1.Final/validation-api-2.0.1.Final.jar:/Users/B0203873/.m2/repository/org/jboss/logging/jboss-logging/3.3.2.Final/jboss-logging-3.3.2.Final.jar:/Users/B0203873/.m2/repository/com/fasterxml/classmate/1.3.4/classmate-1.3.4.jar:/Users/B0203873/.m2/repository/org/springframework/spring-web/5.0.5.RELEASE/spring-web-5.0.5.RELEASE.jar:/Users/B0203873/.m2/repository/org/springframework/spring-beans/5.0.5.RELEASE/spring-beans-5.0.5.RELEASE.jar:/Users/B0203873/.m2/repository/org/springframework/spring-webmvc/5.0.5.RELEASE/spring-webmvc-5.0.5.RELEASE.jar:/Users/B0203873/.m2/repository/org/springframework/spring-aop/5.0.5.RELEASE/spring-aop-5.0.5.RELEASE.jar:/Users/B0203873/.m2/repository/org/springframework/spring-expression/5.0.5.RELEASE/spring-expression-5.0.5.RELEASE.jar:/Users/B0203873/.m2/repository/org/springframework/boot/spring-boot-starter-test/2.0.1.RELEASE/spring-boot-starter-test-2.0.1.RELEASE.jar:/Users/B0203873/.m2/repository/org/springframework/boot/spring-boot-test/2.0.1.RELEASE/spring-boot-test-2.0.1.RELEASE.jar:/Users/B0203873/.m2/repository/org/springframework/boot/spring-boot-test-autoconfigure/2.0.1.RELEASE/spring-boot-test-autoconfigure-2.0.1.RELEASE.jar:/Users/B0203873/.m2/repository/com/jayway/jsonpath/json-path/2.4.0/json-path-2.4.0.jar:/Users/B0203873/.m2/repository/net/minidev/json-smart/2.3/json-smart-2.3.jar:/Users/B0203873/.m2/repository/net/minidev/accessors-smart/1.2/accessors-smart-1.2.jar:/Users/B0203873/.m2/repository/org/ow2/asm/asm/5.0.4/asm-5.0.4.jar:/Users/B0203873/.m2/repository/org/slf4j/slf4j-api/1.7.25/slf4j-api-1.7.25.jar:/Users/B0203873/.m2/repository/junit/junit/4.12/junit-4.12.jar:/Users/B0203873/.m2/repository/org/assertj/assertj-core/3.9.1/assertj-core-3.9.1.jar:/Users/B0203873/.m2/repository/org/mockito/mockito-core/2.15.0/mockito-core-2.15.0.jar:/Users/B0203873/.m2/repository/net/bytebuddy/byte-buddy/1.7.11/byte-buddy-1.7.11.jar:/Users/B0203873/.m2/repository/net/bytebuddy/byte-buddy-agent/1.7.11/byte-buddy-agent-1.7.11.jar:/Users/B0203873/.m2/repository/org/objenesis/objenesis/2.6/objenesis-2.6.jar:/Users/B0203873/.m2/repository/org/hamcrest/hamcrest-core/1.3/hamcrest-core-1.3.jar:/Users/B0203873/.m2/repository/org/hamcrest/hamcrest-library/1.3/hamcrest-library-1.3.jar:/Users/B0203873/.m2/repository/org/skyscreamer/jsonassert/1.5.0/jsonassert-1.5.0.jar:/Users/B0203873/.m2/repository/com/vaadin/external/google/android-json/0.0.20131108.vaadin1/android-json-0.0.20131108.vaadin1.jar:/Users/B0203873/.m2/repository/org/springframework/spring-core/5.0.5.RELEASE/spring-core-5.0.5.RELEASE.jar:/Users/B0203873/.m2/repository/org/springframework/spring-jcl/5.0.5.RELEASE/spring-jcl-5.0.5.RELEASE.jar:/Users/B0203873/.m2/repository/org/springframework/spring-test/5.0.5.RELEASE/spring-test-5.0.5.RELEASE.jar:/Users/B0203873/.m2/repository/org/xmlunit/xmlunit-core/2.5.1/xmlunit-core-2.5.1.jar:/Users/B0203873/.m2/repository/org/springframework/kafka/spring-kafka/2.1.5.RELEASE/spring-kafka-2.1.5.RELEASE.jar:/Users/B0203873/.m2/repository/org/springframework/spring-context/5.0.5.RELEASE/spring-context-5.0.5.RELEASE.jar:/Users/B0203873/.m2/repository/org/springframework/spring-messaging/5.0.5.RELEASE/spring-messaging-5.0.5.RELEASE.jar:/Users/B0203873/.m2/repository/org/springframework/spring-tx/5.0.5.RELEASE/spring-tx-5.0.5.RELEASE.jar:/Users/B0203873/.m2/repository/org/springframework/retry/spring-retry/1.2.2.RELEASE/spring-retry-1.2.2.RELEASE.jar:/Users/B0203873/.m2/repository/org/apache/kafka/kafka-clients/1.0.1/kafka-clients-1.0.1.jar:/Users/B0203873/.m2/repository/org/lz4/lz4-java/1.4/lz4-java-1.4.jar:/Users/B0203873/.m2/repository/org/xerial/snappy/snappy-java/1.1.4/snappy-java-1.1.4.jar:, user.name=B0203873, java.vm.specification.version=1.8, sun.java.command=/Users/B0203873/eclipse-workspace/RequestReplyKafka/target/surefire/surefirebooter8786070954619907993.jar /Users/B0203873/eclipse-workspace/RequestReplyKafka/target/surefire 2018-04-22T13-55-55_215-jvmRun1 surefire4540698181394560286tmp surefire_05432974117755805458tmp, java.home=/Library/Java/JavaVirtualMachines/jdk1.8.0_161.jdk/Contents/Home/jre, sun.arch.data.model=64, user.language=en, java.specification.vendor=Oracle Corporation, awt.toolkit=sun.lwawt.macosx.LWCToolkit, java.vm.info=mixed mode, java.version=1.8.0_161, java.ext.dirs=/Users/B0203873/Library/Java/Extensions:/Library/Java/JavaVirtualMachines/jdk1.8.0_161.jdk/Contents/Home/jre/lib/ext:/Library/Java/Extensions:/Network/Library/Java/Extensions:/System/Library/Java/Extensions:/usr/lib/java, sun.boot.class.path=/Library/Java/JavaVirtualMachines/jdk1.8.0_161.jdk/Contents/Home/jre/lib/resources.jar:/Library/Java/JavaVirtualMachines/jdk1.8.0_161.jdk/Contents/Home/jre/lib/rt.jar:/Library/Java/JavaVirtualMachines/jdk1.8.0_161.jdk/Contents/Home/jre/lib/sunrsasign.jar:/Library/Java/JavaVirtualMachines/jdk1.8.0_161.jdk/Contents/Home/jre/lib/jsse.jar:/Library/Java/JavaVirtualMachines/jdk1.8.0_161.jdk/Contents/Home/jre/lib/jce.jar:/Library/Java/JavaVirtualMachines/jdk1.8.0_161.jdk/Contents/Home/jre/lib/charsets.jar:/Library/Java/JavaVirtualMachines/jdk1.8.0_161.jdk/Contents/Home/jre/lib/jfr.jar:/Library/Java/JavaVirtualMachines/jdk1.8.0_161.jdk/Contents/Home/jre/classes, java.vendor=Oracle Corporation, localRepository=/Users/B0203873/.m2/repository, file.separator=/, java.vendor.url.bug=http://bugreport.sun.com/bugreport/, sun.io.unicode.encoding=UnicodeBig, sun.cpu.endian=little, socksNonProxyHosts=airtelworld.in|*.airtelworld.in|touchtelindia.com|*.touchtelindia.com|airtelworld.in|*.airtelworld.in|10.1.9.45|mn.bharti.com|*.mn.bharti.com|goofy|*.goofy|https://sms.airtelworld.in|*.https://sms.airtelworld.in, ftp.nonProxyHosts=airtelworld.in|*.airtelworld.in|touchtelindia.com|*.touchtelindia.com|airtelworld.in|*.airtelworld.in|10.1.9.45|mn.bharti.com|*.mn.bharti.com|goofy|*.goofy|https://sms.airtelworld.in|*.https://sms.airtelworld.in, sun.cpu.isalist=}}, SystemEnvironmentPropertySource@1843289228 {name='systemEnvironment', properties={PATH=/usr/bin:/bin:/usr/sbin:/sbin, JAVA_HOME=/Library/Java/JavaVirtualMachines/jdk1.8.0_161.jdk/Contents/Home, JAVA_MAIN_CLASS_9580=org.apache.maven.wrapper.MavenWrapperMain, TERM=xterm, DISPLAY=/private/tmp/com.apple.launchd.Qqo4CP2csY/org.macosforge.xquartz:0, LOGNAME=B0203873, XPC_SERVICE_NAME=0, PWD=/Users/B0203873/eclipse-workspace/RequestReplyKafka, ECLIPSE_HOME=/Users/B0203873/eclipse/jee-oxygen/Eclipse.app/Contents/Eclipse, _=/Library/Java/JavaVirtualMachines/jdk1.8.0_161.jdk/Contents/Home/jre/bin/java, JAVA_STARTED_ON_FIRST_THREAD_9411=1, SHELL=/bin/bash, ECLIPSE_WORKSPACE=/Users/B0203873/eclipse-workspace, MAVEN_PROJECTBASEDIR=/Users/B0203873/eclipse-workspace/RequestReplyKafka, OLDPWD=/Users/B0203873/eclipse-workspace/RequestReplyKafka, APP_ICON_9411=../Resources/Eclipse.icns, USER=B0203873, JAVA_MAIN_CLASS_9590=org.apache.maven.surefire.booter.ForkedBooter, TMPDIR=/var/folders/zx/bnc7vvq515q7cyphb39xym_h0000gp/T/, SSH_AUTH_SOCK=/private/tmp/com.apple.launchd.ElT8N5DS1p/Listeners, XPC_FLAGS=0x0, __CF_USER_TEXT_ENCODING=0x1F6:0x0:0x0, Apple_PubSub_Socket_Render=/private/tmp/com.apple.launchd.8eAsa0MNtZ/Render, HOME=/Users/B0203873, SHLVL=2}}]
13:56:01.382 [main] DEBUG org.springframework.core.io.support.PathMatchingResourcePatternResolver - Resolved classpath location [com/gauravg/demo/] to resources [URL [file:/Users/B0203873/eclipse-workspace/RequestReplyKafka/target/test-classes/com/gauravg/demo/], URL [file:/Users/B0203873/eclipse-workspace/RequestReplyKafka/target/classes/com/gauravg/demo/]]
13:56:01.384 [main] DEBUG org.springframework.core.io.support.PathMatchingResourcePatternResolver - Looking for matching resources in directory tree [/Users/B0203873/eclipse-workspace/RequestReplyKafka/target/test-classes/com/gauravg/demo]
13:56:01.386 [main] DEBUG org.springframework.core.io.support.PathMatchingResourcePatternResolver - Searching directory [/Users/B0203873/eclipse-workspace/RequestReplyKafka/target/test-classes/com/gauravg/demo] for files matching pattern [/Users/B0203873/eclipse-workspace/RequestReplyKafka/target/test-classes/com/gauravg/demo/*.class]
13:56:01.393 [main] DEBUG org.springframework.core.io.support.PathMatchingResourcePatternResolver - Looking for matching resources in directory tree [/Users/B0203873/eclipse-workspace/RequestReplyKafka/target/classes/com/gauravg/demo]
13:56:01.396 [main] DEBUG org.springframework.core.io.support.PathMatchingResourcePatternResolver - Searching directory [/Users/B0203873/eclipse-workspace/RequestReplyKafka/target/classes/com/gauravg/demo] for files matching pattern [/Users/B0203873/eclipse-workspace/RequestReplyKafka/target/classes/com/gauravg/demo/*.class]
13:56:01.397 [main] DEBUG org.springframework.core.io.support.PathMatchingResourcePatternResolver - Resolved location pattern [classpath*:com/gauravg/demo/*.class] to resources [file [/Users/B0203873/eclipse-workspace/RequestReplyKafka/target/test-classes/com/gauravg/demo/RequestReplyKafkaApplicationTests.class], file [/Users/B0203873/eclipse-workspace/RequestReplyKafka/target/classes/com/gauravg/demo/RequestReplyKafkaApplication.class]]
13:56:01.514 [main] DEBUG org.springframework.context.annotation.ClassPathScanningCandidateComponentProvider - Identified candidate component class: file [/Users/B0203873/eclipse-workspace/RequestReplyKafka/target/classes/com/gauravg/demo/RequestReplyKafkaApplication.class]
13:56:01.521 [main] INFO org.springframework.boot.test.context.SpringBootTestContextBootstrapper - Found @SpringBootConfiguration com.gauravg.demo.RequestReplyKafkaApplication for test class com.gauravg.demo.RequestReplyKafkaApplicationTests
13:56:01.764 [main] DEBUG org.springframework.boot.test.context.SpringBootTestContextBootstrapper - @TestExecutionListeners is not present for class [com.gauravg.demo.RequestReplyKafkaApplicationTests]: using defaults.
13:56:01.766 [main] INFO org.springframework.boot.test.context.SpringBootTestContextBootstrapper - Loaded default TestExecutionListener class names from location [META-INF/spring.factories]: [org.springframework.boot.test.mock.mockito.MockitoTestExecutionListener, org.springframework.boot.test.mock.mockito.ResetMocksTestExecutionListener, org.springframework.boot.test.autoconfigure.restdocs.RestDocsTestExecutionListener, org.springframework.boot.test.autoconfigure.web.client.MockRestServiceServerResetTestExecutionListener, org.springframework.boot.test.autoconfigure.web.servlet.MockMvcPrintOnlyOnFailureTestExecutionListener, org.springframework.boot.test.autoconfigure.web.servlet.WebDriverTestExecutionListener, org.springframework.test.context.web.ServletTestExecutionListener, org.springframework.test.context.support.DirtiesContextBeforeModesTestExecutionListener, org.springframework.test.context.support.DependencyInjectionTestExecutionListener, org.springframework.test.context.support.DirtiesContextTestExecutionListener, org.springframework.test.context.transaction.TransactionalTestExecutionListener, org.springframework.test.context.jdbc.SqlScriptsTestExecutionListener]
13:56:01.815 [main] INFO org.springframework.boot.test.context.SpringBootTestContextBootstrapper - Using TestExecutionListeners: [org.springframework.test.context.web.ServletTestExecutionListener@5656be13, org.springframework.test.context.support.DirtiesContextBeforeModesTestExecutionListener@4218d6a3, org.springframework.boot.test.mock.mockito.MockitoTestExecutionListener@76505305, org.springframework.boot.test.autoconfigure.SpringBootDependencyInjectionTestExecutionListener@14cd1699, org.springframework.test.context.support.DirtiesContextTestExecutionListener@77888435, org.springframework.test.context.transaction.TransactionalTestExecutionListener@73a1e9a9, org.springframework.test.context.jdbc.SqlScriptsTestExecutionListener@71d44a3, org.springframework.boot.test.mock.mockito.ResetMocksTestExecutionListener@7b98f307, org.springframework.boot.test.autoconfigure.restdocs.RestDocsTestExecutionListener@4802796d, org.springframework.boot.test.autoconfigure.web.client.MockRestServiceServerResetTestExecutionListener@34123d65, org.springframework.boot.test.autoconfigure.web.servlet.MockMvcPrintOnlyOnFailureTestExecutionListener@59474f18, org.springframework.boot.test.autoconfigure.web.servlet.WebDriverTestExecutionListener@65fb9ffc]
13:56:01.823 [main] DEBUG org.springframework.test.annotation.ProfileValueUtils - Retrieved @ProfileValueSourceConfiguration [null] for test class [com.gauravg.demo.RequestReplyKafkaApplicationTests]
13:56:01.825 [main] DEBUG org.springframework.test.annotation.ProfileValueUtils - Retrieved ProfileValueSource type [class org.springframework.test.annotation.SystemProfileValueSource] for class [com.gauravg.demo.RequestReplyKafkaApplicationTests]
13:56:01.828 [main] DEBUG org.springframework.test.annotation.ProfileValueUtils - Retrieved @ProfileValueSourceConfiguration [null] for test class [com.gauravg.demo.RequestReplyKafkaApplicationTests]
13:56:01.831 [main] DEBUG org.springframework.test.annotation.ProfileValueUtils - Retrieved ProfileValueSource type [class org.springframework.test.annotation.SystemProfileValueSource] for class [com.gauravg.demo.RequestReplyKafkaApplicationTests]
13:56:01.833 [main] DEBUG org.springframework.test.annotation.ProfileValueUtils - Retrieved @ProfileValueSourceConfiguration [null] for test class [com.gauravg.demo.RequestReplyKafkaApplicationTests]
13:56:01.833 [main] DEBUG org.springframework.test.annotation.ProfileValueUtils - Retrieved ProfileValueSource type [class org.springframework.test.annotation.SystemProfileValueSource] for class [com.gauravg.demo.RequestReplyKafkaApplicationTests]
13:56:01.843 [main] DEBUG org.springframework.test.context.support.AbstractDirtiesContextTestExecutionListener - Before test class: context [DefaultTestContext@557caf28 testClass = RequestReplyKafkaApplicationTests, testInstance = [null], testMethod = [null], testException = [null], mergedContextConfiguration = [WebMergedContextConfiguration@408d971b testClass = RequestReplyKafkaApplicationTests, locations = '{}', classes = '{class com.gauravg.demo.RequestReplyKafkaApplication}', contextInitializerClasses = '[]', activeProfiles = '{}', propertySourceLocations = '{}', propertySourceProperties = '{org.springframework.boot.test.context.SpringBootTestContextBootstrapper=true}', contextCustomizers = set[org.springframework.boot.test.context.filter.ExcludeFilterContextCustomizer@3aeaafa6, org.springframework.boot.test.json.DuplicateJsonObjectContextCustomizerFactory$DuplicateJsonObjectContextCustomizer@ed9d034, org.springframework.boot.test.mock.mockito.MockitoContextCustomizer@0, org.springframework.boot.test.web.client.TestRestTemplateContextCustomizer@553a3d88, org.springframework.boot.test.autoconfigure.properties.PropertyMappingContextCustomizer@0, org.springframework.boot.test.autoconfigure.web.servlet.WebDriverContextCustomizerFactory$Customizer@12c8a2c0], resourceBasePath = 'src/main/webapp', contextLoader = 'org.springframework.boot.test.context.SpringBootContextLoader', parent = [null]], attributes = map['org.springframework.test.context.web.ServletTestExecutionListener.activateListener' -> true]], class annotated with @DirtiesContext [false] with mode [null].
13:56:01.847 [main] DEBUG org.springframework.test.annotation.ProfileValueUtils - Retrieved @ProfileValueSourceConfiguration [null] for test class [com.gauravg.demo.RequestReplyKafkaApplicationTests]
13:56:01.848 [main] DEBUG org.springframework.test.annotation.ProfileValueUtils - Retrieved ProfileValueSource type [class org.springframework.test.annotation.SystemProfileValueSource] for class [com.gauravg.demo.RequestReplyKafkaApplicationTests]
13:56:01.871 [main] DEBUG org.springframework.core.env.StandardEnvironment - Adding PropertySource 'systemProperties' with lowest search precedence
13:56:01.872 [main] DEBUG org.springframework.core.env.StandardEnvironment - Adding PropertySource 'systemEnvironment' with lowest search precedence
13:56:01.873 [main] DEBUG org.springframework.core.env.StandardEnvironment - Initialized StandardEnvironment with PropertySources [MapPropertySource@1170727939 {name='systemProperties', properties={java.runtime.name=Java(TM) SE Runtime Environment, sun.boot.library.path=/Library/Java/JavaVirtualMachines/jdk1.8.0_161.jdk/Contents/Home/jre/lib, java.vm.version=25.161-b12, gopherProxySet=false, java.vm.vendor=Oracle Corporation, java.vendor.url=http://java.oracle.com/, path.separator=:, java.vm.name=Java HotSpot(TM) 64-Bit Server VM, file.encoding.pkg=sun.io, user.country=IN, sun.java.launcher=SUN_STANDARD, sun.os.patch.level=unknown, java.vm.specification.name=Java Virtual Machine Specification, user.dir=/Users/B0203873/eclipse-workspace/RequestReplyKafka, java.runtime.version=1.8.0_161-b12, basedir=/Users/B0203873/eclipse-workspace/RequestReplyKafka, java.awt.graphicsenv=sun.awt.CGraphicsEnvironment, java.endorsed.dirs=/Library/Java/JavaVirtualMachines/jdk1.8.0_161.jdk/Contents/Home/jre/lib/endorsed, os.arch=x86_64, surefire.real.class.path=/Users/B0203873/eclipse-workspace/RequestReplyKafka/target/surefire/surefirebooter8786070954619907993.jar, java.io.tmpdir=/var/folders/zx/bnc7vvq515q7cyphb39xym_h0000gp/T/, line.separator=
, java.vm.specification.vendor=Oracle Corporation, os.name=Mac OS X, sun.jnu.encoding=UTF-8, java.library.path=/Users/B0203873/Library/Java/Extensions:/Library/Java/Extensions:/Network/Library/Java/Extensions:/System/Library/Java/Extensions:/usr/lib/java:., surefire.test.class.path=/Users/B0203873/eclipse-workspace/RequestReplyKafka/target/test-classes:/Users/B0203873/eclipse-workspace/RequestReplyKafka/target/classes:/Users/B0203873/.m2/repository/org/springframework/boot/spring-boot-starter-web/2.0.1.RELEASE/spring-boot-starter-web-2.0.1.RELEASE.jar:/Users/B0203873/.m2/repository/org/springframework/boot/spring-boot-starter/2.0.1.RELEASE/spring-boot-starter-2.0.1.RELEASE.jar:/Users/B0203873/.m2/repository/org/springframework/boot/spring-boot/2.0.1.RELEASE/spring-boot-2.0.1.RELEASE.jar:/Users/B0203873/.m2/repository/org/springframework/boot/spring-boot-autoconfigure/2.0.1.RELEASE/spring-boot-autoconfigure-2.0.1.RELEASE.jar:/Users/B0203873/.m2/repository/org/springframework/boot/spring-boot-starter-logging/2.0.1.RELEASE/spring-boot-starter-logging-2.0.1.RELEASE.jar:/Users/B0203873/.m2/repository/ch/qos/logback/logback-classic/1.2.3/logback-classic-1.2.3.jar:/Users/B0203873/.m2/repository/ch/qos/logback/logback-core/1.2.3/logback-core-1.2.3.jar:/Users/B0203873/.m2/repository/org/apache/logging/log4j/log4j-to-slf4j/2.10.0/log4j-to-slf4j-2.10.0.jar:/Users/B0203873/.m2/repository/org/apache/logging/log4j/log4j-api/2.10.0/log4j-api-2.10.0.jar:/Users/B0203873/.m2/repository/org/slf4j/jul-to-slf4j/1.7.25/jul-to-slf4j-1.7.25.jar:/Users/B0203873/.m2/repository/javax/annotation/javax.annotation-api/1.3.2/javax.annotation-api-1.3.2.jar:/Users/B0203873/.m2/repository/org/yaml/snakeyaml/1.19/snakeyaml-1.19.jar:/Users/B0203873/.m2/repository/org/springframework/boot/spring-boot-starter-json/2.0.1.RELEASE/spring-boot-starter-json-2.0.1.RELEASE.jar:/Users/B0203873/.m2/repository/com/fasterxml/jackson/core/jackson-databind/2.9.5/jackson-databind-2.9.5.jar:/Users/B0203873/.m2/repository/com/fasterxml/jackson/core/jackson-annotations/2.9.0/jackson-annotations-2.9.0.jar:/Users/B0203873/.m2/repository/com/fasterxml/jackson/core/jackson-core/2.9.5/jackson-core-2.9.5.jar:/Users/B0203873/.m2/repository/com/fasterxml/jackson/datatype/jackson-datatype-jdk8/2.9.5/jackson-datatype-jdk8-2.9.5.jar:/Users/B0203873/.m2/repository/com/fasterxml/jackson/datatype/jackson-datatype-jsr310/2.9.5/jackson-datatype-jsr310-2.9.5.jar:/Users/B0203873/.m2/repository/com/fasterxml/jackson/module/jackson-module-parameter-names/2.9.5/jackson-module-parameter-names-2.9.5.jar:/Users/B0203873/.m2/repository/org/springframework/boot/spring-boot-starter-tomcat/2.0.1.RELEASE/spring-boot-starter-tomcat-2.0.1.RELEASE.jar:/Users/B0203873/.m2/repository/org/apache/tomcat/embed/tomcat-embed-core/8.5.29/tomcat-embed-core-8.5.29.jar:/Users/B0203873/.m2/repository/org/apache/tomcat/embed/tomcat-embed-el/8.5.29/tomcat-embed-el-8.5.29.jar:/Users/B0203873/.m2/repository/org/apache/tomcat/embed/tomcat-embed-websocket/8.5.29/tomcat-embed-websocket-8.5.29.jar:/Users/B0203873/.m2/repository/org/hibernate/validator/hibernate-validator/6.0.9.Final/hibernate-validator-6.0.9.Final.jar:/Users/B0203873/.m2/repository/javax/validation/validation-api/2.0.1.Final/validation-api-2.0.1.Final.jar:/Users/B0203873/.m2/repository/org/jboss/logging/jboss-logging/3.3.2.Final/jboss-logging-3.3.2.Final.jar:/Users/B0203873/.m2/repository/com/fasterxml/classmate/1.3.4/classmate-1.3.4.jar:/Users/B0203873/.m2/repository/org/springframework/spring-web/5.0.5.RELEASE/spring-web-5.0.5.RELEASE.jar:/Users/B0203873/.m2/repository/org/springframework/spring-beans/5.0.5.RELEASE/spring-beans-5.0.5.RELEASE.jar:/Users/B0203873/.m2/repository/org/springframework/spring-webmvc/5.0.5.RELEASE/spring-webmvc-5.0.5.RELEASE.jar:/Users/B0203873/.m2/repository/org/springframework/spring-aop/5.0.5.RELEASE/spring-aop-5.0.5.RELEASE.jar:/Users/B0203873/.m2/repository/org/springframework/spring-expression/5.0.5.RELEASE/spring-expression-5.0.5.RELEASE.jar:/Users/B0203873/.m2/repository/org/springframework/boot/spring-boot-starter-test/2.0.1.RELEASE/spring-boot-starter-test-2.0.1.RELEASE.jar:/Users/B0203873/.m2/repository/org/springframework/boot/spring-boot-test/2.0.1.RELEASE/spring-boot-test-2.0.1.RELEASE.jar:/Users/B0203873/.m2/repository/org/springframework/boot/spring-boot-test-autoconfigure/2.0.1.RELEASE/spring-boot-test-autoconfigure-2.0.1.RELEASE.jar:/Users/B0203873/.m2/repository/com/jayway/jsonpath/json-path/2.4.0/json-path-2.4.0.jar:/Users/B0203873/.m2/repository/net/minidev/json-smart/2.3/json-smart-2.3.jar:/Users/B0203873/.m2/repository/net/minidev/accessors-smart/1.2/accessors-smart-1.2.jar:/Users/B0203873/.m2/repository/org/ow2/asm/asm/5.0.4/asm-5.0.4.jar:/Users/B0203873/.m2/repository/org/slf4j/slf4j-api/1.7.25/slf4j-api-1.7.25.jar:/Users/B0203873/.m2/repository/junit/junit/4.12/junit-4.12.jar:/Users/B0203873/.m2/repository/org/assertj/assertj-core/3.9.1/assertj-core-3.9.1.jar:/Users/B0203873/.m2/repository/org/mockito/mockito-core/2.15.0/mockito-core-2.15.0.jar:/Users/B0203873/.m2/repository/net/bytebuddy/byte-buddy/1.7.11/byte-buddy-1.7.11.jar:/Users/B0203873/.m2/repository/net/bytebuddy/byte-buddy-agent/1.7.11/byte-buddy-agent-1.7.11.jar:/Users/B0203873/.m2/repository/org/objenesis/objenesis/2.6/objenesis-2.6.jar:/Users/B0203873/.m2/repository/org/hamcrest/hamcrest-core/1.3/hamcrest-core-1.3.jar:/Users/B0203873/.m2/repository/org/hamcrest/hamcrest-library/1.3/hamcrest-library-1.3.jar:/Users/B0203873/.m2/repository/org/skyscreamer/jsonassert/1.5.0/jsonassert-1.5.0.jar:/Users/B0203873/.m2/repository/com/vaadin/external/google/android-json/0.0.20131108.vaadin1/android-json-0.0.20131108.vaadin1.jar:/Users/B0203873/.m2/repository/org/springframework/spring-core/5.0.5.RELEASE/spring-core-5.0.5.RELEASE.jar:/Users/B0203873/.m2/repository/org/springframework/spring-jcl/5.0.5.RELEASE/spring-jcl-5.0.5.RELEASE.jar:/Users/B0203873/.m2/repository/org/springframework/spring-test/5.0.5.RELEASE/spring-test-5.0.5.RELEASE.jar:/Users/B0203873/.m2/repository/org/xmlunit/xmlunit-core/2.5.1/xmlunit-core-2.5.1.jar:/Users/B0203873/.m2/repository/org/springframework/kafka/spring-kafka/2.1.5.RELEASE/spring-kafka-2.1.5.RELEASE.jar:/Users/B0203873/.m2/repository/org/springframework/spring-context/5.0.5.RELEASE/spring-context-5.0.5.RELEASE.jar:/Users/B0203873/.m2/repository/org/springframework/spring-messaging/5.0.5.RELEASE/spring-messaging-5.0.5.RELEASE.jar:/Users/B0203873/.m2/repository/org/springframework/spring-tx/5.0.5.RELEASE/spring-tx-5.0.5.RELEASE.jar:/Users/B0203873/.m2/repository/org/springframework/retry/spring-retry/1.2.2.RELEASE/spring-retry-1.2.2.RELEASE.jar:/Users/B0203873/.m2/repository/org/apache/kafka/kafka-clients/1.0.1/kafka-clients-1.0.1.jar:/Users/B0203873/.m2/repository/org/lz4/lz4-java/1.4/lz4-java-1.4.jar:/Users/B0203873/.m2/repository/org/xerial/snappy/snappy-java/1.1.4/snappy-java-1.1.4.jar:, java.specification.name=Java Platform API Specification, java.class.version=52.0, sun.management.compiler=HotSpot 64-Bit Tiered Compilers, os.version=10.13.1, http.nonProxyHosts=airtelworld.in|*.airtelworld.in|touchtelindia.com|*.touchtelindia.com|airtelworld.in|*.airtelworld.in|10.1.9.45|mn.bharti.com|*.mn.bharti.com|goofy|*.goofy|https://sms.airtelworld.in|*.https://sms.airtelworld.in, user.home=/Users/B0203873, user.timezone=Asia/Kolkata, java.awt.printerjob=sun.lwawt.macosx.CPrinterJob, file.encoding=UTF-8, java.specification.version=1.8, java.class.path=/Users/B0203873/eclipse-workspace/RequestReplyKafka/target/test-classes:/Users/B0203873/eclipse-workspace/RequestReplyKafka/target/classes:/Users/B0203873/.m2/repository/org/springframework/boot/spring-boot-starter-web/2.0.1.RELEASE/spring-boot-starter-web-2.0.1.RELEASE.jar:/Users/B0203873/.m2/repository/org/springframework/boot/spring-boot-starter/2.0.1.RELEASE/spring-boot-starter-2.0.1.RELEASE.jar:/Users/B0203873/.m2/repository/org/springframework/boot/spring-boot/2.0.1.RELEASE/spring-boot-2.0.1.RELEASE.jar:/Users/B0203873/.m2/repository/org/springframework/boot/spring-boot-autoconfigure/2.0.1.RELEASE/spring-boot-autoconfigure-2.0.1.RELEASE.jar:/Users/B0203873/.m2/repository/org/springframework/boot/spring-boot-starter-logging/2.0.1.RELEASE/spring-boot-starter-logging-2.0.1.RELEASE.jar:/Users/B0203873/.m2/repository/ch/qos/logback/logback-classic/1.2.3/logback-classic-1.2.3.jar:/Users/B0203873/.m2/repository/ch/qos/logback/logback-core/1.2.3/logback-core-1.2.3.jar:/Users/B0203873/.m2/repository/org/apache/logging/log4j/log4j-to-slf4j/2.10.0/log4j-to-slf4j-2.10.0.jar:/Users/B0203873/.m2/repository/org/apache/logging/log4j/log4j-api/2.10.0/log4j-api-2.10.0.jar:/Users/B0203873/.m2/repository/org/slf4j/jul-to-slf4j/1.7.25/jul-to-slf4j-1.7.25.jar:/Users/B0203873/.m2/repository/javax/annotation/javax.annotation-api/1.3.2/javax.annotation-api-1.3.2.jar:/Users/B0203873/.m2/repository/org/yaml/snakeyaml/1.19/snakeyaml-1.19.jar:/Users/B0203873/.m2/repository/org/springframework/boot/spring-boot-starter-json/2.0.1.RELEASE/spring-boot-starter-json-2.0.1.RELEASE.jar:/Users/B0203873/.m2/repository/com/fasterxml/jackson/core/jackson-databind/2.9.5/jackson-databind-2.9.5.jar:/Users/B0203873/.m2/repository/com/fasterxml/jackson/core/jackson-annotations/2.9.0/jackson-annotations-2.9.0.jar:/Users/B0203873/.m2/repository/com/fasterxml/jackson/core/jackson-core/2.9.5/jackson-core-2.9.5.jar:/Users/B0203873/.m2/repository/com/fasterxml/jackson/datatype/jackson-datatype-jdk8/2.9.5/jackson-datatype-jdk8-2.9.5.jar:/Users/B0203873/.m2/repository/com/fasterxml/jackson/datatype/jackson-datatype-jsr310/2.9.5/jackson-datatype-jsr310-2.9.5.jar:/Users/B0203873/.m2/repository/com/fasterxml/jackson/module/jackson-module-parameter-names/2.9.5/jackson-module-parameter-names-2.9.5.jar:/Users/B0203873/.m2/repository/org/springframework/boot/spring-boot-starter-tomcat/2.0.1.RELEASE/spring-boot-starter-tomcat-2.0.1.RELEASE.jar:/Users/B0203873/.m2/repository/org/apache/tomcat/embed/tomcat-embed-core/8.5.29/tomcat-embed-core-8.5.29.jar:/Users/B0203873/.m2/repository/org/apache/tomcat/embed/tomcat-embed-el/8.5.29/tomcat-embed-el-8.5.29.jar:/Users/B0203873/.m2/repository/org/apache/tomcat/embed/tomcat-embed-websocket/8.5.29/tomcat-embed-websocket-8.5.29.jar:/Users/B0203873/.m2/repository/org/hibernate/validator/hibernate-validator/6.0.9.Final/hibernate-validator-6.0.9.Final.jar:/Users/B0203873/.m2/repository/javax/validation/validation-api/2.0.1.Final/validation-api-2.0.1.Final.jar:/Users/B0203873/.m2/repository/org/jboss/logging/jboss-logging/3.3.2.Final/jboss-logging-3.3.2.Final.jar:/Users/B0203873/.m2/repository/com/fasterxml/classmate/1.3.4/classmate-1.3.4.jar:/Users/B0203873/.m2/repository/org/springframework/spring-web/5.0.5.RELEASE/spring-web-5.0.5.RELEASE.jar:/Users/B0203873/.m2/repository/org/springframework/spring-beans/5.0.5.RELEASE/spring-beans-5.0.5.RELEASE.jar:/Users/B0203873/.m2/repository/org/springframework/spring-webmvc/5.0.5.RELEASE/spring-webmvc-5.0.5.RELEASE.jar:/Users/B0203873/.m2/repository/org/springframework/spring-aop/5.0.5.RELEASE/spring-aop-5.0.5.RELEASE.jar:/Users/B0203873/.m2/repository/org/springframework/spring-expression/5.0.5.RELEASE/spring-expression-5.0.5.RELEASE.jar:/Users/B0203873/.m2/repository/org/springframework/boot/spring-boot-starter-test/2.0.1.RELEASE/spring-boot-starter-test-2.0.1.RELEASE.jar:/Users/B0203873/.m2/repository/org/springframework/boot/spring-boot-test/2.0.1.RELEASE/spring-boot-test-2.0.1.RELEASE.jar:/Users/B0203873/.m2/repository/org/springframework/boot/spring-boot-test-autoconfigure/2.0.1.RELEASE/spring-boot-test-autoconfigure-2.0.1.RELEASE.jar:/Users/B0203873/.m2/repository/com/jayway/jsonpath/json-path/2.4.0/json-path-2.4.0.jar:/Users/B0203873/.m2/repository/net/minidev/json-smart/2.3/json-smart-2.3.jar:/Users/B0203873/.m2/repository/net/minidev/accessors-smart/1.2/accessors-smart-1.2.jar:/Users/B0203873/.m2/repository/org/ow2/asm/asm/5.0.4/asm-5.0.4.jar:/Users/B0203873/.m2/repository/org/slf4j/slf4j-api/1.7.25/slf4j-api-1.7.25.jar:/Users/B0203873/.m2/repository/junit/junit/4.12/junit-4.12.jar:/Users/B0203873/.m2/repository/org/assertj/assertj-core/3.9.1/assertj-core-3.9.1.jar:/Users/B0203873/.m2/repository/org/mockito/mockito-core/2.15.0/mockito-core-2.15.0.jar:/Users/B0203873/.m2/repository/net/bytebuddy/byte-buddy/1.7.11/byte-buddy-1.7.11.jar:/Users/B0203873/.m2/repository/net/bytebuddy/byte-buddy-agent/1.7.11/byte-buddy-agent-1.7.11.jar:/Users/B0203873/.m2/repository/org/objenesis/objenesis/2.6/objenesis-2.6.jar:/Users/B0203873/.m2/repository/org/hamcrest/hamcrest-core/1.3/hamcrest-core-1.3.jar:/Users/B0203873/.m2/repository/org/hamcrest/hamcrest-library/1.3/hamcrest-library-1.3.jar:/Users/B0203873/.m2/repository/org/skyscreamer/jsonassert/1.5.0/jsonassert-1.5.0.jar:/Users/B0203873/.m2/repository/com/vaadin/external/google/android-json/0.0.20131108.vaadin1/android-json-0.0.20131108.vaadin1.jar:/Users/B0203873/.m2/repository/org/springframework/spring-core/5.0.5.RELEASE/spring-core-5.0.5.RELEASE.jar:/Users/B0203873/.m2/repository/org/springframework/spring-jcl/5.0.5.RELEASE/spring-jcl-5.0.5.RELEASE.jar:/Users/B0203873/.m2/repository/org/springframework/spring-test/5.0.5.RELEASE/spring-test-5.0.5.RELEASE.jar:/Users/B0203873/.m2/repository/org/xmlunit/xmlunit-core/2.5.1/xmlunit-core-2.5.1.jar:/Users/B0203873/.m2/repository/org/springframework/kafka/spring-kafka/2.1.5.RELEASE/spring-kafka-2.1.5.RELEASE.jar:/Users/B0203873/.m2/repository/org/springframework/spring-context/5.0.5.RELEASE/spring-context-5.0.5.RELEASE.jar:/Users/B0203873/.m2/repository/org/springframework/spring-messaging/5.0.5.RELEASE/spring-messaging-5.0.5.RELEASE.jar:/Users/B0203873/.m2/repository/org/springframework/spring-tx/5.0.5.RELEASE/spring-tx-5.0.5.RELEASE.jar:/Users/B0203873/.m2/repository/org/springframework/retry/spring-retry/1.2.2.RELEASE/spring-retry-1.2.2.RELEASE.jar:/Users/B0203873/.m2/repository/org/apache/kafka/kafka-clients/1.0.1/kafka-clients-1.0.1.jar:/Users/B0203873/.m2/repository/org/lz4/lz4-java/1.4/lz4-java-1.4.jar:/Users/B0203873/.m2/repository/org/xerial/snappy/snappy-java/1.1.4/snappy-java-1.1.4.jar:, user.name=B0203873, java.vm.specification.version=1.8, sun.java.command=/Users/B0203873/eclipse-workspace/RequestReplyKafka/target/surefire/surefirebooter8786070954619907993.jar /Users/B0203873/eclipse-workspace/RequestReplyKafka/target/surefire 2018-04-22T13-55-55_215-jvmRun1 surefire4540698181394560286tmp surefire_05432974117755805458tmp, java.home=/Library/Java/JavaVirtualMachines/jdk1.8.0_161.jdk/Contents/Home/jre, sun.arch.data.model=64, user.language=en, java.specification.vendor=Oracle Corporation, awt.toolkit=sun.lwawt.macosx.LWCToolkit, java.vm.info=mixed mode, java.version=1.8.0_161, java.ext.dirs=/Users/B0203873/Library/Java/Extensions:/Library/Java/JavaVirtualMachines/jdk1.8.0_161.jdk/Contents/Home/jre/lib/ext:/Library/Java/Extensions:/Network/Library/Java/Extensions:/System/Library/Java/Extensions:/usr/lib/java, sun.boot.class.path=/Library/Java/JavaVirtualMachines/jdk1.8.0_161.jdk/Contents/Home/jre/lib/resources.jar:/Library/Java/JavaVirtualMachines/jdk1.8.0_161.jdk/Contents/Home/jre/lib/rt.jar:/Library/Java/JavaVirtualMachines/jdk1.8.0_161.jdk/Contents/Home/jre/lib/sunrsasign.jar:/Library/Java/JavaVirtualMachines/jdk1.8.0_161.jdk/Contents/Home/jre/lib/jsse.jar:/Library/Java/JavaVirtualMachines/jdk1.8.0_161.jdk/Contents/Home/jre/lib/jce.jar:/Library/Java/JavaVirtualMachines/jdk1.8.0_161.jdk/Contents/Home/jre/lib/charsets.jar:/Library/Java/JavaVirtualMachines/jdk1.8.0_161.jdk/Contents/Home/jre/lib/jfr.jar:/Library/Java/JavaVirtualMachines/jdk1.8.0_161.jdk/Contents/Home/jre/classes, java.vendor=Oracle Corporation, localRepository=/Users/B0203873/.m2/repository, file.separator=/, java.vendor.url.bug=http://bugreport.sun.com/bugreport/, sun.io.unicode.encoding=UnicodeBig, sun.cpu.endian=little, socksNonProxyHosts=airtelworld.in|*.airtelworld.in|touchtelindia.com|*.touchtelindia.com|airtelworld.in|*.airtelworld.in|10.1.9.45|mn.bharti.com|*.mn.bharti.com|goofy|*.goofy|https://sms.airtelworld.in|*.https://sms.airtelworld.in, ftp.nonProxyHosts=airtelworld.in|*.airtelworld.in|touchtelindia.com|*.touchtelindia.com|airtelworld.in|*.airtelworld.in|10.1.9.45|mn.bharti.com|*.mn.bharti.com|goofy|*.goofy|https://sms.airtelworld.in|*.https://sms.airtelworld.in, sun.cpu.isalist=}}, SystemEnvironmentPropertySource@690339675 {name='systemEnvironment', properties={PATH=/usr/bin:/bin:/usr/sbin:/sbin, JAVA_HOME=/Library/Java/JavaVirtualMachines/jdk1.8.0_161.jdk/Contents/Home, JAVA_MAIN_CLASS_9580=org.apache.maven.wrapper.MavenWrapperMain, TERM=xterm, DISPLAY=/private/tmp/com.apple.launchd.Qqo4CP2csY/org.macosforge.xquartz:0, LOGNAME=B0203873, XPC_SERVICE_NAME=0, PWD=/Users/B0203873/eclipse-workspace/RequestReplyKafka, ECLIPSE_HOME=/Users/B0203873/eclipse/jee-oxygen/Eclipse.app/Contents/Eclipse, _=/Library/Java/JavaVirtualMachines/jdk1.8.0_161.jdk/Contents/Home/jre/bin/java, JAVA_STARTED_ON_FIRST_THREAD_9411=1, SHELL=/bin/bash, ECLIPSE_WORKSPACE=/Users/B0203873/eclipse-workspace, MAVEN_PROJECTBASEDIR=/Users/B0203873/eclipse-workspace/RequestReplyKafka, OLDPWD=/Users/B0203873/eclipse-workspace/RequestReplyKafka, APP_ICON_9411=../Resources/Eclipse.icns, USER=B0203873, JAVA_MAIN_CLASS_9590=org.apache.maven.surefire.booter.ForkedBooter, TMPDIR=/var/folders/zx/bnc7vvq515q7cyphb39xym_h0000gp/T/, SSH_AUTH_SOCK=/private/tmp/com.apple.launchd.ElT8N5DS1p/Listeners, XPC_FLAGS=0x0, __CF_USER_TEXT_ENCODING=0x1F6:0x0:0x0, Apple_PubSub_Socket_Render=/private/tmp/com.apple.launchd.8eAsa0MNtZ/Render, HOME=/Users/B0203873, SHLVL=2}}]
13:56:01.913 [main] DEBUG org.springframework.test.context.support.TestPropertySourceUtils - Adding inlined properties to environment: {spring.jmx.enabled=false, org.springframework.boot.test.context.SpringBootTestContextBootstrapper=true, server.port=-1}
13:56:01.914 [main] DEBUG org.springframework.core.env.StandardEnvironment - Adding PropertySource 'Inlined Test Properties' with highest search precedence

  .   ____          _            __ _ _
 /\\ / ___'_ __ _ _(_)_ __  __ _ \ \ \ \
( ( )\___ | '_ | '_| | '_ \/ _` | \ \ \ \
 \\/  ___)| |_)| | | | | || (_| |  ) ) ) )
  '  |____| .__|_| |_|_| |_\__, | / / / /
 =========|_|==============|___/=/_/_/_/
 :: Spring Boot ::        (v2.0.1.RELEASE)

2018-04-22 13:56:17.330  INFO 9590 --- [           main] c.g.d.RequestReplyKafkaApplicationTests  : Starting RequestReplyKafkaApplicationTests on LTB0203873-MAC.local with PID 9590 (started by B0203873 in /Users/B0203873/eclipse-workspace/RequestReplyKafka)
2018-04-22 13:56:17.336  INFO 9590 --- [           main] c.g.d.RequestReplyKafkaApplicationTests  : No active profile set, falling back to default profiles: default
2018-04-22 13:56:17.410  INFO 9590 --- [           main] o.s.w.c.s.GenericWebApplicationContext   : Refreshing org.springframework.web.context.support.GenericWebApplicationContext@41a0aa7d: startup date [Sun Apr 22 13:56:17 IST 2018]; root of context hierarchy
2018-04-22 13:56:19.553  INFO 9590 --- [           main] trationDelegate$BeanPostProcessorChecker : Bean 'org.springframework.kafka.annotation.KafkaBootstrapConfiguration' of type [org.springframework.kafka.annotation.KafkaBootstrapConfiguration$$EnhancerBySpringCGLIB$$245cbd18] is not eligible for getting processed by all BeanPostProcessors (for example: not eligible for auto-proxying)
2018-04-22 13:56:20.000  INFO 9590 --- [           main] o.s.s.c.ThreadPoolTaskScheduler          : Initializing ExecutorService 
2018-04-22 13:56:21.171  INFO 9590 --- [           main] o.s.w.s.handler.SimpleUrlHandlerMapping  : Mapped URL path [/**/favicon.ico] onto handler of type [class org.springframework.web.servlet.resource.ResourceHttpRequestHandler]
2018-04-22 13:56:21.886  INFO 9590 --- [           main] s.w.s.m.m.a.RequestMappingHandlerAdapter : Looking for @ControllerAdvice: org.springframework.web.context.support.GenericWebApplicationContext@41a0aa7d: startup date [Sun Apr 22 13:56:17 IST 2018]; root of context hierarchy
2018-04-22 13:56:22.078  INFO 9590 --- [           main] s.w.s.m.m.a.RequestMappingHandlerMapping : Mapped "{[/sum],methods=[POST],consumes=[application/json],produces=[application/json]}" onto public com.gauravg.model.Model com.gauravg.controller.SumController.sum(com.gauravg.model.Model) throws java.lang.InterruptedException,java.util.concurrent.ExecutionException
2018-04-22 13:56:22.083  INFO 9590 --- [           main] s.w.s.m.m.a.RequestMappingHandlerMapping : Mapped "{[/error]}" onto public org.springframework.http.ResponseEntity<java.util.Map<java.lang.String, java.lang.Object>> org.springframework.boot.autoconfigure.web.servlet.error.BasicErrorController.error(javax.servlet.http.HttpServletRequest)
2018-04-22 13:56:22.085  INFO 9590 --- [           main] s.w.s.m.m.a.RequestMappingHandlerMapping : Mapped "{[/error],produces=[text/html]}" onto public org.springframework.web.servlet.ModelAndView org.springframework.boot.autoconfigure.web.servlet.error.BasicErrorController.errorHtml(javax.servlet.http.HttpServletRequest,javax.servlet.http.HttpServletResponse)
2018-04-22 13:56:22.223  INFO 9590 --- [           main] o.s.w.s.handler.SimpleUrlHandlerMapping  : Mapped URL path [/webjars/**] onto handler of type [class org.springframework.web.servlet.resource.ResourceHttpRequestHandler]
2018-04-22 13:56:22.224  INFO 9590 --- [           main] o.s.w.s.handler.SimpleUrlHandlerMapping  : Mapped URL path [/**] onto handler of type [class org.springframework.web.servlet.resource.ResourceHttpRequestHandler]
2018-04-22 13:56:22.727  INFO 9590 --- [           main] ConditionEvaluationReportLoggingListener : 

Error starting ApplicationContext. To display the conditions report re-run your application with 'debug' enabled.
2018-04-22 13:56:22.740 ERROR 9590 --- [           main] o.s.boot.SpringApplication               : Application run failed

java.lang.IllegalStateException: a KafkaTemplate is required to support replies
	at org.springframework.util.Assert.state(Assert.java:73) ~[spring-core-5.0.5.RELEASE.jar:5.0.5.RELEASE]
	at org.springframework.kafka.config.MethodKafkaListenerEndpoint.createMessageListener(MethodKafkaListenerEndpoint.java:136) ~[spring-kafka-2.1.5.RELEASE.jar:2.1.5.RELEASE]
	at org.springframework.kafka.config.AbstractKafkaListenerEndpoint.setupMessageListener(AbstractKafkaListenerEndpoint.java:374) ~[spring-kafka-2.1.5.RELEASE.jar:2.1.5.RELEASE]
	at org.springframework.kafka.config.AbstractKafkaListenerEndpoint.setupListenerContainer(AbstractKafkaListenerEndpoint.java:359) ~[spring-kafka-2.1.5.RELEASE.jar:2.1.5.RELEASE]
	at org.springframework.kafka.config.AbstractKafkaListenerContainerFactory.createListenerContainer(AbstractKafkaListenerContainerFactory.java:246) ~[spring-kafka-2.1.5.RELEASE.jar:2.1.5.RELEASE]
	at org.springframework.kafka.config.AbstractKafkaListenerContainerFactory.createListenerContainer(AbstractKafkaListenerContainerFactory.java:49) ~[spring-kafka-2.1.5.RELEASE.jar:2.1.5.RELEASE]
	at org.springframework.kafka.config.KafkaListenerEndpointRegistry.createListenerContainer(KafkaListenerEndpointRegistry.java:183) ~[spring-kafka-2.1.5.RELEASE.jar:2.1.5.RELEASE]
	at org.springframework.kafka.config.KafkaListenerEndpointRegistry.registerListenerContainer(KafkaListenerEndpointRegistry.java:155) ~[spring-kafka-2.1.5.RELEASE.jar:2.1.5.RELEASE]
	at org.springframework.kafka.config.KafkaListenerEndpointRegistry.registerListenerContainer(KafkaListenerEndpointRegistry.java:129) ~[spring-kafka-2.1.5.RELEASE.jar:2.1.5.RELEASE]
	at org.springframework.kafka.config.KafkaListenerEndpointRegistrar.registerAllEndpoints(KafkaListenerEndpointRegistrar.java:138) ~[spring-kafka-2.1.5.RELEASE.jar:2.1.5.RELEASE]
	at org.springframework.kafka.config.KafkaListenerEndpointRegistrar.afterPropertiesSet(KafkaListenerEndpointRegistrar.java:132) ~[spring-kafka-2.1.5.RELEASE.jar:2.1.5.RELEASE]
	at org.springframework.kafka.annotation.KafkaListenerAnnotationBeanPostProcessor.afterSingletonsInstantiated(KafkaListenerAnnotationBeanPostProcessor.java:243) ~[spring-kafka-2.1.5.RELEASE.jar:2.1.5.RELEASE]
	at org.springframework.beans.factory.support.DefaultListableBeanFactory.preInstantiateSingletons(DefaultListableBeanFactory.java:777) ~[spring-beans-5.0.5.RELEASE.jar:5.0.5.RELEASE]
	at org.springframework.context.support.AbstractApplicationContext.finishBeanFactoryInitialization(AbstractApplicationContext.java:869) ~[spring-context-5.0.5.RELEASE.jar:5.0.5.RELEASE]
	at org.springframework.context.support.AbstractApplicationContext.refresh(AbstractApplicationContext.java:550) ~[spring-context-5.0.5.RELEASE.jar:5.0.5.RELEASE]
	at org.springframework.boot.SpringApplication.refresh(SpringApplication.java:759) ~[spring-boot-2.0.1.RELEASE.jar:2.0.1.RELEASE]
	at org.springframework.boot.SpringApplication.refreshContext(SpringApplication.java:395) ~[spring-boot-2.0.1.RELEASE.jar:2.0.1.RELEASE]
	at org.springframework.boot.SpringApplication.run(SpringApplication.java:327) ~[spring-boot-2.0.1.RELEASE.jar:2.0.1.RELEASE]
	at org.springframework.boot.test.context.SpringBootContextLoader.loadContext(SpringBootContextLoader.java:138) [spring-boot-test-2.0.1.RELEASE.jar:2.0.1.RELEASE]
	at org.springframework.test.context.cache.DefaultCacheAwareContextLoaderDelegate.loadContextInternal(DefaultCacheAwareContextLoaderDelegate.java:99) [spring-test-5.0.5.RELEASE.jar:5.0.5.RELEASE]
	at org.springframework.test.context.cache.DefaultCacheAwareContextLoaderDelegate.loadContext(DefaultCacheAwareContextLoaderDelegate.java:117) [spring-test-5.0.5.RELEASE.jar:5.0.5.RELEASE]
	at org.springframework.test.context.support.DefaultTestContext.getApplicationContext(DefaultTestContext.java:108) [spring-test-5.0.5.RELEASE.jar:5.0.5.RELEASE]
	at org.springframework.test.context.web.ServletTestExecutionListener.setUpRequestContextIfNecessary(ServletTestExecutionListener.java:190) [spring-test-5.0.5.RELEASE.jar:5.0.5.RELEASE]
	at org.springframework.test.context.web.ServletTestExecutionListener.prepareTestInstance(ServletTestExecutionListener.java:132) [spring-test-5.0.5.RELEASE.jar:5.0.5.RELEASE]
	at org.springframework.test.context.TestContextManager.prepareTestInstance(TestContextManager.java:246) [spring-test-5.0.5.RELEASE.jar:5.0.5.RELEASE]
	at org.springframework.test.context.junit4.SpringJUnit4ClassRunner.createTest(SpringJUnit4ClassRunner.java:227) [spring-test-5.0.5.RELEASE.jar:5.0.5.RELEASE]
	at org.springframework.test.context.junit4.SpringJUnit4ClassRunner$1.runReflectiveCall(SpringJUnit4ClassRunner.java:289) [spring-test-5.0.5.RELEASE.jar:5.0.5.RELEASE]
	at org.junit.internal.runners.model.ReflectiveCallable.run(ReflectiveCallable.java:12) [junit-4.12.jar:4.12]
	at org.springframework.test.context.junit4.SpringJUnit4ClassRunner.methodBlock(SpringJUnit4ClassRunner.java:291) [spring-test-5.0.5.RELEASE.jar:5.0.5.RELEASE]
	at org.springframework.test.context.junit4.SpringJUnit4ClassRunner.runChild(SpringJUnit4ClassRunner.java:246) [spring-test-5.0.5.RELEASE.jar:5.0.5.RELEASE]
	at org.springframework.test.context.junit4.SpringJUnit4ClassRunner.runChild(SpringJUnit4ClassRunner.java:97) [spring-test-5.0.5.RELEASE.jar:5.0.5.RELEASE]
	at org.junit.runners.ParentRunner$3.run(ParentRunner.java:290) [junit-4.12.jar:4.12]
	at org.junit.runners.ParentRunner$1.schedule(ParentRunner.java:71) [junit-4.12.jar:4.12]
	at org.junit.runners.ParentRunner.runChildren(ParentRunner.java:288) [junit-4.12.jar:4.12]
	at org.junit.runners.ParentRunner.access$000(ParentRunner.java:58) [junit-4.12.jar:4.12]
	at org.junit.runners.ParentRunner$2.evaluate(ParentRunner.java:268) [junit-4.12.jar:4.12]
	at org.springframework.test.context.junit4.statements.RunBeforeTestClassCallbacks.evaluate(RunBeforeTestClassCallbacks.java:61) [spring-test-5.0.5.RELEASE.jar:5.0.5.RELEASE]
	at org.springframework.test.context.junit4.statements.RunAfterTestClassCallbacks.evaluate(RunAfterTestClassCallbacks.java:70) [spring-test-5.0.5.RELEASE.jar:5.0.5.RELEASE]
	at org.junit.runners.ParentRunner.run(ParentRunner.java:363) [junit-4.12.jar:4.12]
	at org.springframework.test.context.junit4.SpringJUnit4ClassRunner.run(SpringJUnit4ClassRunner.java:190) [spring-test-5.0.5.RELEASE.jar:5.0.5.RELEASE]
	at org.apache.maven.surefire.junit4.JUnit4Provider.execute(JUnit4Provider.java:365) [surefire-junit4-2.21.0.jar:2.21.0]
	at org.apache.maven.surefire.junit4.JUnit4Provider.executeWithRerun(JUnit4Provider.java:273) [surefire-junit4-2.21.0.jar:2.21.0]
	at org.apache.maven.surefire.junit4.JUnit4Provider.executeTestSet(JUnit4Provider.java:238) [surefire-junit4-2.21.0.jar:2.21.0]
	at org.apache.maven.surefire.junit4.JUnit4Provider.invoke(JUnit4Provider.java:159) [surefire-junit4-2.21.0.jar:2.21.0]
	at org.apache.maven.surefire.booter.ForkedBooter.invokeProviderInSameClassLoader(ForkedBooter.java:379) [surefire-booter-2.21.0.jar:2.21.0]
	at org.apache.maven.surefire.booter.ForkedBooter.runSuitesInProcess(ForkedBooter.java:340) [surefire-booter-2.21.0.jar:2.21.0]
	at org.apache.maven.surefire.booter.ForkedBooter.execute(ForkedBooter.java:125) [surefire-booter-2.21.0.jar:2.21.0]
	at org.apache.maven.surefire.booter.ForkedBooter.main(ForkedBooter.java:413) [surefire-booter-2.21.0.jar:2.21.0]

2018-04-22 13:56:22.759  INFO 9590 --- [           main] o.s.w.c.s.GenericWebApplicationContext   : Closing org.springframework.web.context.support.GenericWebApplicationContext@41a0aa7d: startup date [Sun Apr 22 13:56:17 IST 2018]; root of context hierarchy
2018-04-22 13:56:22.764  INFO 9590 --- [           main] o.s.s.c.ThreadPoolTaskScheduler          : Shutting down ExecutorService
2018-04-22 13:56:22.768 ERROR 9590 --- [           main] o.s.test.context.TestContextManager      : Caught exception while allowing TestExecutionListener [org.springframework.test.context.web.ServletTestExecutionListener@5656be13] to prepare test instance [com.gauravg.demo.RequestReplyKafkaApplicationTests@460b6d54]

java.lang.IllegalStateException: Failed to load ApplicationContext
	at org.springframework.test.context.cache.DefaultCacheAwareContextLoaderDelegate.loadContext(DefaultCacheAwareContextLoaderDelegate.java:125) ~[spring-test-5.0.5.RELEASE.jar:5.0.5.RELEASE]
	at org.springframework.test.context.support.DefaultTestContext.getApplicationContext(DefaultTestContext.java:108) ~[spring-test-5.0.5.RELEASE.jar:5.0.5.RELEASE]
	at org.springframework.test.context.web.ServletTestExecutionListener.setUpRequestContextIfNecessary(ServletTestExecutionListener.java:190) ~[spring-test-5.0.5.RELEASE.jar:5.0.5.RELEASE]
	at org.springframework.test.context.web.ServletTestExecutionListener.prepareTestInstance(ServletTestExecutionListener.java:132) ~[spring-test-5.0.5.RELEASE.jar:5.0.5.RELEASE]
	at org.springframework.test.context.TestContextManager.prepareTestInstance(TestContextManager.java:246) ~[spring-test-5.0.5.RELEASE.jar:5.0.5.RELEASE]
	at org.springframework.test.context.junit4.SpringJUnit4ClassRunner.createTest(SpringJUnit4ClassRunner.java:227) [spring-test-5.0.5.RELEASE.jar:5.0.5.RELEASE]
	at org.springframework.test.context.junit4.SpringJUnit4ClassRunner$1.runReflectiveCall(SpringJUnit4ClassRunner.java:289) [spring-test-5.0.5.RELEASE.jar:5.0.5.RELEASE]
	at org.junit.internal.runners.model.ReflectiveCallable.run(ReflectiveCallable.java:12) [junit-4.12.jar:4.12]
	at org.springframework.test.context.junit4.SpringJUnit4ClassRunner.methodBlock(SpringJUnit4ClassRunner.java:291) [spring-test-5.0.5.RELEASE.jar:5.0.5.RELEASE]
	at org.springframework.test.context.junit4.SpringJUnit4ClassRunner.runChild(SpringJUnit4ClassRunner.java:246) [spring-test-5.0.5.RELEASE.jar:5.0.5.RELEASE]
	at org.springframework.test.context.junit4.SpringJUnit4ClassRunner.runChild(SpringJUnit4ClassRunner.java:97) [spring-test-5.0.5.RELEASE.jar:5.0.5.RELEASE]
	at org.junit.runners.ParentRunner$3.run(ParentRunner.java:290) [junit-4.12.jar:4.12]
	at org.junit.runners.ParentRunner$1.schedule(ParentRunner.java:71) [junit-4.12.jar:4.12]
	at org.junit.runners.ParentRunner.runChildren(ParentRunner.java:288) [junit-4.12.jar:4.12]
	at org.junit.runners.ParentRunner.access$000(ParentRunner.java:58) [junit-4.12.jar:4.12]
	at org.junit.runners.ParentRunner$2.evaluate(ParentRunner.java:268) [junit-4.12.jar:4.12]
	at org.springframework.test.context.junit4.statements.RunBeforeTestClassCallbacks.evaluate(RunBeforeTestClassCallbacks.java:61) [spring-test-5.0.5.RELEASE.jar:5.0.5.RELEASE]
	at org.springframework.test.context.junit4.statements.RunAfterTestClassCallbacks.evaluate(RunAfterTestClassCallbacks.java:70) [spring-test-5.0.5.RELEASE.jar:5.0.5.RELEASE]
	at org.junit.runners.ParentRunner.run(ParentRunner.java:363) [junit-4.12.jar:4.12]
	at org.springframework.test.context.junit4.SpringJUnit4ClassRunner.run(SpringJUnit4ClassRunner.java:190) [spring-test-5.0.5.RELEASE.jar:5.0.5.RELEASE]
	at org.apache.maven.surefire.junit4.JUnit4Provider.execute(JUnit4Provider.java:365) [surefire-junit4-2.21.0.jar:2.21.0]
	at org.apache.maven.surefire.junit4.JUnit4Provider.executeWithRerun(JUnit4Provider.java:273) [surefire-junit4-2.21.0.jar:2.21.0]
	at org.apache.maven.surefire.junit4.JUnit4Provider.executeTestSet(JUnit4Provider.java:238) [surefire-junit4-2.21.0.jar:2.21.0]
	at org.apache.maven.surefire.junit4.JUnit4Provider.invoke(JUnit4Provider.java:159) [surefire-junit4-2.21.0.jar:2.21.0]
	at org.apache.maven.surefire.booter.ForkedBooter.invokeProviderInSameClassLoader(ForkedBooter.java:379) [surefire-booter-2.21.0.jar:2.21.0]
	at org.apache.maven.surefire.booter.ForkedBooter.runSuitesInProcess(ForkedBooter.java:340) [surefire-booter-2.21.0.jar:2.21.0]
	at org.apache.maven.surefire.booter.ForkedBooter.execute(ForkedBooter.java:125) [surefire-booter-2.21.0.jar:2.21.0]
	at org.apache.maven.surefire.booter.ForkedBooter.main(ForkedBooter.java:413) [surefire-booter-2.21.0.jar:2.21.0]
Caused by: java.lang.IllegalStateException: a KafkaTemplate is required to support replies
	at org.springframework.util.Assert.state(Assert.java:73) ~[spring-core-5.0.5.RELEASE.jar:5.0.5.RELEASE]
	at org.springframework.kafka.config.MethodKafkaListenerEndpoint.createMessageListener(MethodKafkaListenerEndpoint.java:136) ~[spring-kafka-2.1.5.RELEASE.jar:2.1.5.RELEASE]
	at org.springframework.kafka.config.AbstractKafkaListenerEndpoint.setupMessageListener(AbstractKafkaListenerEndpoint.java:374) ~[spring-kafka-2.1.5.RELEASE.jar:2.1.5.RELEASE]
	at org.springframework.kafka.config.AbstractKafkaListenerEndpoint.setupListenerContainer(AbstractKafkaListenerEndpoint.java:359) ~[spring-kafka-2.1.5.RELEASE.jar:2.1.5.RELEASE]
	at org.springframework.kafka.config.AbstractKafkaListenerContainerFactory.createListenerContainer(AbstractKafkaListenerContainerFactory.java:246) ~[spring-kafka-2.1.5.RELEASE.jar:2.1.5.RELEASE]
	at org.springframework.kafka.config.AbstractKafkaListenerContainerFactory.createListenerContainer(AbstractKafkaListenerContainerFactory.java:49) ~[spring-kafka-2.1.5.RELEASE.jar:2.1.5.RELEASE]
	at org.springframework.kafka.config.KafkaListenerEndpointRegistry.createListenerContainer(KafkaListenerEndpointRegistry.java:183) ~[spring-kafka-2.1.5.RELEASE.jar:2.1.5.RELEASE]
	at org.springframework.kafka.config.KafkaListenerEndpointRegistry.registerListenerContainer(KafkaListenerEndpointRegistry.java:155) ~[spring-kafka-2.1.5.RELEASE.jar:2.1.5.RELEASE]
	at org.springframework.kafka.config.KafkaListenerEndpointRegistry.registerListenerContainer(KafkaListenerEndpointRegistry.java:129) ~[spring-kafka-2.1.5.RELEASE.jar:2.1.5.RELEASE]
	at org.springframework.kafka.config.KafkaListenerEndpointRegistrar.registerAllEndpoints(KafkaListenerEndpointRegistrar.java:138) ~[spring-kafka-2.1.5.RELEASE.jar:2.1.5.RELEASE]
	at org.springframework.kafka.config.KafkaListenerEndpointRegistrar.afterPropertiesSet(KafkaListenerEndpointRegistrar.java:132) ~[spring-kafka-2.1.5.RELEASE.jar:2.1.5.RELEASE]
	at org.springframework.kafka.annotation.KafkaListenerAnnotationBeanPostProcessor.afterSingletonsInstantiated(KafkaListenerAnnotationBeanPostProcessor.java:243) ~[spring-kafka-2.1.5.RELEASE.jar:2.1.5.RELEASE]
	at org.springframework.beans.factory.support.DefaultListableBeanFactory.preInstantiateSingletons(DefaultListableBeanFactory.java:777) ~[spring-beans-5.0.5.RELEASE.jar:5.0.5.RELEASE]
	at org.springframework.context.support.AbstractApplicationContext.finishBeanFactoryInitialization(AbstractApplicationContext.java:869) ~[spring-context-5.0.5.RELEASE.jar:5.0.5.RELEASE]
	at org.springframework.context.support.AbstractApplicationContext.refresh(AbstractApplicationContext.java:550) ~[spring-context-5.0.5.RELEASE.jar:5.0.5.RELEASE]
	at org.springframework.boot.SpringApplication.refresh(SpringApplication.java:759) ~[spring-boot-2.0.1.RELEASE.jar:2.0.1.RELEASE]
	at org.springframework.boot.SpringApplication.refreshContext(SpringApplication.java:395) ~[spring-boot-2.0.1.RELEASE.jar:2.0.1.RELEASE]
	at org.springframework.boot.SpringApplication.run(SpringApplication.java:327) ~[spring-boot-2.0.1.RELEASE.jar:2.0.1.RELEASE]
	at org.springframework.boot.test.context.SpringBootContextLoader.loadContext(SpringBootContextLoader.java:138) ~[spring-boot-test-2.0.1.RELEASE.jar:2.0.1.RELEASE]
	at org.springframework.test.context.cache.DefaultCacheAwareContextLoaderDelegate.loadContextInternal(DefaultCacheAwareContextLoaderDelegate.java:99) ~[spring-test-5.0.5.RELEASE.jar:5.0.5.RELEASE]
	at org.springframework.test.context.cache.DefaultCacheAwareContextLoaderDelegate.loadContext(DefaultCacheAwareContextLoaderDelegate.java:117) ~[spring-test-5.0.5.RELEASE.jar:5.0.5.RELEASE]
	... 27 common frames omitted

]]></system-out>
  </testcase>
</testsuite>